[18:22:48] [main/INFO]: Setting user: juanwan11
[18:22:50] [Client thread/INFO]: LWJGL Version: 2.9.1
[18:23:01] [Client thread/INFO]: Reloading ResourceManager: Default, FMLFileResourcePack:Forge Mod Loader, FMLFileResourcePack:Minecraft Forge, FMLFileResourcePack:Magicnation
[18:23:02] [Sound Library Loader/INFO]: Sound engine started
[18:23:18] [Client thread/ERROR]: Using missing texture, unable to load juanwan11_magicnation:textures/blocks/oreNetherGemStoneBlood.png
java.io.FileNotFoundException: juanwan11_magicnation:textures/blocks/oreNetherGemStoneBlood.png
	at net.minecraft.client.resources.FallbackResourceManager.getResource(FallbackResourceManager.java:65) ~[FallbackResourceManager.class:?]
	at net.minecraft.client.resources.SimpleReloadableResourceManager.getResource(SimpleReloadableResourceManager.java:67) ~[SimpleReloadableResourceManager.class:?]
	at net.minecraft.client.renderer.texture.TextureMap.loadTextureAtlas(TextureMap.java:126) [TextureMap.class:?]
	at net.minecraft.client.renderer.texture.TextureMap.loadTexture(TextureMap.java:91) [TextureMap.class:?]
	at net.minecraft.client.renderer.texture.TextureManager.loadTexture(TextureManager.java:89) [TextureManager.class:?]
	at net.minecraft.client.renderer.texture.TextureManager.loadTickableTexture(TextureManager.java:71) [TextureManager.class:?]
	at net.minecraft.client.renderer.texture.TextureManager.loadTextureMap(TextureManager.java:58) [TextureManager.class:?]
	at net.minecraft.client.Minecraft.startGame(Minecraft.java:582) [Minecraft.class:?]
	at net.minecraft.client.Minecraft.run(Minecraft.java:931) [Minecraft.class:?]
	at net.minecraft.client.main.Main.main(Main.java:164) [Main.class:?]
	at sun.reflect.NativeMethodAccessorImpl.invoke0(Native Method) ~[?:1.8.0_25]
	at sun.reflect.NativeMethodAccessorImpl.invoke(Unknown Source) ~[?:1.8.0_25]
	at sun.reflect.DelegatingMethodAccessorImpl.invoke(Unknown Source) ~[?:1.8.0_25]
	at java.lang.reflect.Method.invoke(Unknown Source) ~[?:1.8.0_25]
	at net.minecraft.launchwrapper.Launch.launch(Launch.java:135) [launchwrapper-1.11.jar:?]
	at net.minecraft.launchwrapper.Launch.main(Launch.java:28) [launchwrapper-1.11.jar:?]
	at net.minecraftforge.gradle.GradleStartCommon.launch(GradleStartCommon.java:78) [start/:?]
	at GradleStart.main(GradleStart.java:45) [start/:?]
[18:23:18] [Client thread/ERROR]: Using missing texture, unable to load magicnation:textures/blocks/oreGemStoneBlood_ore.png
java.io.FileNotFoundException: magicnation:textures/blocks/oreGemStoneBlood_ore.png
	at net.minecraft.client.resources.SimpleReloadableResourceManager.getResource(SimpleReloadableResourceManager.java:71) ~[SimpleReloadableResourceManager.class:?]
	at net.minecraft.client.renderer.texture.TextureMap.loadTextureAtlas(TextureMap.java:126) [TextureMap.class:?]
	at net.minecraft.client.renderer.texture.TextureMap.loadTexture(TextureMap.java:91) [TextureMap.class:?]
	at net.minecraft.client.renderer.texture.TextureManager.loadTexture(TextureManager.java:89) [TextureManager.class:?]
	at net.minecraft.client.renderer.texture.TextureManager.loadTickableTexture(TextureManager.java:71) [TextureManager.class:?]
	at net.minecraft.client.renderer.texture.TextureManager.loadTextureMap(TextureManager.java:58) [TextureManager.class:?]
	at net.minecraft.client.Minecraft.startGame(Minecraft.java:582) [Minecraft.class:?]
	at net.minecraft.client.Minecraft.run(Minecraft.java:931) [Minecraft.class:?]
	at net.minecraft.client.main.Main.main(Main.java:164) [Main.class:?]
	at sun.reflect.NativeMethodAccessorImpl.invoke0(Native Method) ~[?:1.8.0_25]
	at sun.reflect.NativeMethodAccessorImpl.invoke(Unknown Source) ~[?:1.8.0_25]
	at sun.reflect.DelegatingMethodAccessorImpl.invoke(Unknown Source) ~[?:1.8.0_25]
	at java.lang.reflect.Method.invoke(Unknown Source) ~[?:1.8.0_25]
	at net.minecraft.launchwrapper.Launch.launch(Launch.java:135) [launchwrapper-1.11.jar:?]
	at net.minecraft.launchwrapper.Launch.main(Launch.java:28) [launchwrapper-1.11.jar:?]
	at net.minecraftforge.gradle.GradleStartCommon.launch(GradleStartCommon.java:78) [start/:?]
	at GradleStart.main(GradleStart.java:45) [start/:?]
[18:23:19] [Client thread/INFO]: Created: 1024x512 textures/blocks-atlas
[18:23:19] [Client thread/ERROR]: Using missing texture, unable to load juanwan11_magicnation:textures/items/itemGemStoneBloodSword.png
java.io.FileNotFoundException: juanwan11_magicnation:textures/items/itemGemStoneBloodSword.png
	at net.minecraft.client.resources.FallbackResourceManager.getResource(FallbackResourceManager.java:65) ~[FallbackResourceManager.class:?]
	at net.minecraft.client.resources.SimpleReloadableResourceManager.getResource(SimpleReloadableResourceManager.java:67) ~[SimpleReloadableResourceManager.class:?]
	at net.minecraft.client.renderer.texture.TextureMap.loadTextureAtlas(TextureMap.java:126) [TextureMap.class:?]
	at net.minecraft.client.renderer.texture.TextureMap.loadTexture(TextureMap.java:91) [TextureMap.class:?]
	at net.minecraft.client.renderer.texture.TextureManager.loadTexture(TextureManager.java:89) [TextureManager.class:?]
	at net.minecraft.client.renderer.texture.TextureManager.loadTickableTexture(TextureManager.java:71) [TextureManager.class:?]
	at net.minecraft.client.renderer.texture.TextureManager.loadTextureMap(TextureManager.java:58) [TextureManager.class:?]
	at net.minecraft.client.Minecraft.startGame(Minecraft.java:583) [Minecraft.class:?]
	at net.minecraft.client.Minecraft.run(Minecraft.java:931) [Minecraft.class:?]
	at net.minecraft.client.main.Main.main(Main.java:164) [Main.class:?]
	at sun.reflect.NativeMethodAccessorImpl.invoke0(Native Method) ~[?:1.8.0_25]
	at sun.reflect.NativeMethodAccessorImpl.invoke(Unknown Source) ~[?:1.8.0_25]
	at sun.reflect.DelegatingMethodAccessorImpl.invoke(Unknown Source) ~[?:1.8.0_25]
	at java.lang.reflect.Method.invoke(Unknown Source) ~[?:1.8.0_25]
	at net.minecraft.launchwrapper.Launch.launch(Launch.java:135) [launchwrapper-1.11.jar:?]
	at net.minecraft.launchwrapper.Launch.main(Launch.java:28) [launchwrapper-1.11.jar:?]
	at net.minecraftforge.gradle.GradleStartCommon.launch(GradleStartCommon.java:78) [start/:?]
	at GradleStart.main(GradleStart.java:45) [start/:?]
[18:23:19] [Client thread/ERROR]: Using missing texture, unable to load juanwan11_magicnation:textures/items/itemPyramidGen.png
java.io.FileNotFoundException: juanwan11_magicnation:textures/items/itemPyramidGen.png
	at net.minecraft.client.resources.FallbackResourceManager.getResource(FallbackResourceManager.java:65) ~[FallbackResourceManager.class:?]
	at net.minecraft.client.resources.SimpleReloadableResourceManager.getResource(SimpleReloadableResourceManager.java:67) ~[SimpleReloadableResourceManager.class:?]
	at net.minecraft.client.renderer.texture.TextureMap.loadTextureAtlas(TextureMap.java:126) [TextureMap.class:?]
	at net.minecraft.client.renderer.texture.TextureMap.loadTexture(TextureMap.java:91) [TextureMap.class:?]
	at net.minecraft.client.renderer.texture.TextureManager.loadTexture(TextureManager.java:89) [TextureManager.class:?]
	at net.minecraft.client.renderer.texture.TextureManager.loadTickableTexture(TextureManager.java:71) [TextureManager.class:?]
	at net.minecraft.client.renderer.texture.TextureManager.loadTextureMap(TextureManager.java:58) [TextureManager.class:?]
	at net.minecraft.client.Minecraft.startGame(Minecraft.java:583) [Minecraft.class:?]
	at net.minecraft.client.Minecraft.run(Minecraft.java:931) [Minecraft.class:?]
	at net.minecraft.client.main.Main.main(Main.java:164) [Main.class:?]
	at sun.reflect.NativeMethodAccessorImpl.invoke0(Native Method) ~[?:1.8.0_25]
	at sun.reflect.NativeMethodAccessorImpl.invoke(Unknown Source) ~[?:1.8.0_25]
	at sun.reflect.DelegatingMethodAccessorImpl.invoke(Unknown Source) ~[?:1.8.0_25]
	at java.lang.reflect.Method.invoke(Unknown Source) ~[?:1.8.0_25]
	at net.minecraft.launchwrapper.Launch.launch(Launch.java:135) [launchwrapper-1.11.jar:?]
	at net.minecraft.launchwrapper.Launch.main(Launch.java:28) [launchwrapper-1.11.jar:?]
	at net.minecraftforge.gradle.GradleStartCommon.launch(GradleStartCommon.java:78) [start/:?]
	at GradleStart.main(GradleStart.java:45) [start/:?]
[18:23:19] [Client thread/INFO]: Created: 256x256 textures/items-atlas
[18:23:19] [Client thread/INFO]: Reloading ResourceManager: Default, FMLFileResourcePack:Forge Mod Loader, FMLFileResourcePack:Minecraft Forge, FMLFileResourcePack:Magicnation
[18:23:19] [Client thread/ERROR]: Using missing texture, unable to load juanwan11_magicnation:textures/blocks/oreNetherGemStoneBlood.png
java.io.FileNotFoundException: juanwan11_magicnation:textures/blocks/oreNetherGemStoneBlood.png
	at net.minecraft.client.resources.FallbackResourceManager.getResource(FallbackResourceManager.java:65) ~[FallbackResourceManager.class:?]
	at net.minecraft.client.resources.SimpleReloadableResourceManager.getResource(SimpleReloadableResourceManager.java:67) ~[SimpleReloadableResourceManager.class:?]
	at net.minecraft.client.renderer.texture.TextureMap.loadTextureAtlas(TextureMap.java:126) [TextureMap.class:?]
	at net.minecraft.client.renderer.texture.TextureMap.loadTexture(TextureMap.java:91) [TextureMap.class:?]
	at net.minecraft.client.renderer.texture.TextureManager.loadTexture(TextureManager.java:89) [TextureManager.class:?]
	at net.minecraft.client.renderer.texture.TextureManager.onResourceManagerReload(TextureManager.java:170) [TextureManager.class:?]
	at net.minecraft.client.resources.SimpleReloadableResourceManager.notifyReloadListeners(SimpleReloadableResourceManager.java:134) [SimpleReloadableResourceManager.class:?]
	at net.minecraft.client.resources.SimpleReloadableResourceManager.reloadResources(SimpleReloadableResourceManager.java:118) [SimpleReloadableResourceManager.class:?]
	at net.minecraft.client.Minecraft.refreshResources(Minecraft.java:643) [Minecraft.class:?]
	at cpw.mods.fml.client.FMLClientHandler.finishMinecraftLoading(FMLClientHandler.java:303) [FMLClientHandler.class:?]
	at net.minecraft.client.Minecraft.startGame(Minecraft.java:586) [Minecraft.class:?]
	at net.minecraft.client.Minecraft.run(Minecraft.java:931) [Minecraft.class:?]
	at net.minecraft.client.main.Main.main(Main.java:164) [Main.class:?]
	at sun.reflect.NativeMethodAccessorImpl.invoke0(Native Method) ~[?:1.8.0_25]
	at sun.reflect.NativeMethodAccessorImpl.invoke(Unknown Source) ~[?:1.8.0_25]
	at sun.reflect.DelegatingMethodAccessorImpl.invoke(Unknown Source) ~[?:1.8.0_25]
	at java.lang.reflect.Method.invoke(Unknown Source) ~[?:1.8.0_25]
	at net.minecraft.launchwrapper.Launch.launch(Launch.java:135) [launchwrapper-1.11.jar:?]
	at net.minecraft.launchwrapper.Launch.main(Launch.java:28) [launchwrapper-1.11.jar:?]
	at net.minecraftforge.gradle.GradleStartCommon.launch(GradleStartCommon.java:78) [start/:?]
	at GradleStart.main(GradleStart.java:45) [start/:?]
[18:23:19] [Client thread/ERROR]: Using missing texture, unable to load magicnation:textures/blocks/oreGemStoneBlood_ore.png
java.io.FileNotFoundException: magicnation:textures/blocks/oreGemStoneBlood_ore.png
	at net.minecraft.client.resources.SimpleReloadableResourceManager.getResource(SimpleReloadableResourceManager.java:71) ~[SimpleReloadableResourceManager.class:?]
	at net.minecraft.client.renderer.texture.TextureMap.loadTextureAtlas(TextureMap.java:126) [TextureMap.class:?]
	at net.minecraft.client.renderer.texture.TextureMap.loadTexture(TextureMap.java:91) [TextureMap.class:?]
	at net.minecraft.client.renderer.texture.TextureManager.loadTexture(TextureManager.java:89) [TextureManager.class:?]
	at net.minecraft.client.renderer.texture.TextureManager.onResourceManagerReload(TextureManager.java:170) [TextureManager.class:?]
	at net.minecraft.client.resources.SimpleReloadableResourceManager.notifyReloadListeners(SimpleReloadableResourceManager.java:134) [SimpleReloadableResourceManager.class:?]
	at net.minecraft.client.resources.SimpleReloadableResourceManager.reloadResources(SimpleReloadableResourceManager.java:118) [SimpleReloadableResourceManager.class:?]
	at net.minecraft.client.Minecraft.refreshResources(Minecraft.java:643) [Minecraft.class:?]
	at cpw.mods.fml.client.FMLClientHandler.finishMinecraftLoading(FMLClientHandler.java:303) [FMLClientHandler.class:?]
	at net.minecraft.client.Minecraft.startGame(Minecraft.java:586) [Minecraft.class:?]
	at net.minecraft.client.Minecraft.run(Minecraft.java:931) [Minecraft.class:?]
	at net.minecraft.client.main.Main.main(Main.java:164) [Main.class:?]
	at sun.reflect.NativeMethodAccessorImpl.invoke0(Native Method) ~[?:1.8.0_25]
	at sun.reflect.NativeMethodAccessorImpl.invoke(Unknown Source) ~[?:1.8.0_25]
	at sun.reflect.DelegatingMethodAccessorImpl.invoke(Unknown Source) ~[?:1.8.0_25]
	at java.lang.reflect.Method.invoke(Unknown Source) ~[?:1.8.0_25]
	at net.minecraft.launchwrapper.Launch.launch(Launch.java:135) [launchwrapper-1.11.jar:?]
	at net.minecraft.launchwrapper.Launch.main(Launch.java:28) [launchwrapper-1.11.jar:?]
	at net.minecraftforge.gradle.GradleStartCommon.launch(GradleStartCommon.java:78) [start/:?]
	at GradleStart.main(GradleStart.java:45) [start/:?]
[18:23:20] [Client thread/INFO]: Created: 1024x512 textures/blocks-atlas
[18:23:20] [Client thread/ERROR]: Using missing texture, unable to load juanwan11_magicnation:textures/items/itemGemStoneBloodSword.png
java.io.FileNotFoundException: juanwan11_magicnation:textures/items/itemGemStoneBloodSword.png
	at net.minecraft.client.resources.FallbackResourceManager.getResource(FallbackResourceManager.java:65) ~[FallbackResourceManager.class:?]
	at net.minecraft.client.resources.SimpleReloadableResourceManager.getResource(SimpleReloadableResourceManager.java:67) ~[SimpleReloadableResourceManager.class:?]
	at net.minecraft.client.renderer.texture.TextureMap.loadTextureAtlas(TextureMap.java:126) [TextureMap.class:?]
	at net.minecraft.client.renderer.texture.TextureMap.loadTexture(TextureMap.java:91) [TextureMap.class:?]
	at net.minecraft.client.renderer.texture.TextureManager.loadTexture(TextureManager.java:89) [TextureManager.class:?]
	at net.minecraft.client.renderer.texture.TextureManager.onResourceManagerReload(TextureManager.java:170) [TextureManager.class:?]
	at net.minecraft.client.resources.SimpleReloadableResourceManager.notifyReloadListeners(SimpleReloadableResourceManager.java:134) [SimpleReloadableResourceManager.class:?]
	at net.minecraft.client.resources.SimpleReloadableResourceManager.reloadResources(SimpleReloadableResourceManager.java:118) [SimpleReloadableResourceManager.class:?]
	at net.minecraft.client.Minecraft.refreshResources(Minecraft.java:643) [Minecraft.class:?]
	at cpw.mods.fml.client.FMLClientHandler.finishMinecraftLoading(FMLClientHandler.java:303) [FMLClientHandler.class:?]
	at net.minecraft.client.Minecraft.startGame(Minecraft.java:586) [Minecraft.class:?]
	at net.minecraft.client.Minecraft.run(Minecraft.java:931) [Minecraft.class:?]
	at net.minecraft.client.main.Main.main(Main.java:164) [Main.class:?]
	at sun.reflect.NativeMethodAccessorImpl.invoke0(Native Method) ~[?:1.8.0_25]
	at sun.reflect.NativeMethodAccessorImpl.invoke(Unknown Source) ~[?:1.8.0_25]
	at sun.reflect.DelegatingMethodAccessorImpl.invoke(Unknown Source) ~[?:1.8.0_25]
	at java.lang.reflect.Method.invoke(Unknown Source) ~[?:1.8.0_25]
	at net.minecraft.launchwrapper.Launch.launch(Launch.java:135) [launchwrapper-1.11.jar:?]
	at net.minecraft.launchwrapper.Launch.main(Launch.java:28) [launchwrapper-1.11.jar:?]
	at net.minecraftforge.gradle.GradleStartCommon.launch(GradleStartCommon.java:78) [start/:?]
	at GradleStart.main(GradleStart.java:45) [start/:?]
[18:23:20] [Client thread/ERROR]: Using missing texture, unable to load juanwan11_magicnation:textures/items/itemPyramidGen.png
java.io.FileNotFoundException: juanwan11_magicnation:textures/items/itemPyramidGen.png
	at net.minecraft.client.resources.FallbackResourceManager.getResource(FallbackResourceManager.java:65) ~[FallbackResourceManager.class:?]
	at net.minecraft.client.resources.SimpleReloadableResourceManager.getResource(SimpleReloadableResourceManager.java:67) ~[SimpleReloadableResourceManager.class:?]
	at net.minecraft.client.renderer.texture.TextureMap.loadTextureAtlas(TextureMap.java:126) [TextureMap.class:?]
	at net.minecraft.client.renderer.texture.TextureMap.loadTexture(TextureMap.java:91) [TextureMap.class:?]
	at net.minecraft.client.renderer.texture.TextureManager.loadTexture(TextureManager.java:89) [TextureManager.class:?]
	at net.minecraft.client.renderer.texture.TextureManager.onResourceManagerReload(TextureManager.java:170) [TextureManager.class:?]
	at net.minecraft.client.resources.SimpleReloadableResourceManager.notifyReloadListeners(SimpleReloadableResourceManager.java:134) [SimpleReloadableResourceManager.class:?]
	at net.minecraft.client.resources.SimpleReloadableResourceManager.reloadResources(SimpleReloadableResourceManager.java:118) [SimpleReloadableResourceManager.class:?]
	at net.minecraft.client.Minecraft.refreshResources(Minecraft.java:643) [Minecraft.class:?]
	at cpw.mods.fml.client.FMLClientHandler.finishMinecraftLoading(FMLClientHandler.java:303) [FMLClientHandler.class:?]
	at net.minecraft.client.Minecraft.startGame(Minecraft.java:586) [Minecraft.class:?]
	at net.minecraft.client.Minecraft.run(Minecraft.java:931) [Minecraft.class:?]
	at net.minecraft.client.main.Main.main(Main.java:164) [Main.class:?]
	at sun.reflect.NativeMethodAccessorImpl.invoke0(Native Method) ~[?:1.8.0_25]
	at sun.reflect.NativeMethodAccessorImpl.invoke(Unknown Source) ~[?:1.8.0_25]
	at sun.reflect.DelegatingMethodAccessorImpl.invoke(Unknown Source) ~[?:1.8.0_25]
	at java.lang.reflect.Method.invoke(Unknown Source) ~[?:1.8.0_25]
	at net.minecraft.launchwrapper.Launch.launch(Launch.java:135) [launchwrapper-1.11.jar:?]
	at net.minecraft.launchwrapper.Launch.main(Launch.java:28) [launchwrapper-1.11.jar:?]
	at net.minecraftforge.gradle.GradleStartCommon.launch(GradleStartCommon.java:78) [start/:?]
	at GradleStart.main(GradleStart.java:45) [start/:?]
[18:23:20] [Client thread/INFO]: Created: 256x256 textures/items-atlas
[18:23:21] [Sound Library Loader/INFO]: Sound engine started
[18:23:32] [Server thread/INFO]: Starting integrated minecraft server version 1.7.10
[18:23:32] [Server thread/INFO]: Generating keypair
[18:23:32] [Server thread/INFO]: Preparing start region for level 0
[18:23:33] [Server thread/INFO]: Preparing spawn area: 35%
[18:23:35] [Server thread/INFO]: Changing view distance to 8, from 10
[18:23:35] [Server thread/INFO]: juanwan11[local:E:6dee22c4] logged in with entity id 337 at (189.0974660720564, 70.0, 190.60713922727751)
[18:23:35] [Server thread/INFO]: juanwan11 joined the game
[18:23:37] [Server thread/INFO]: Saving and pausing game...
[18:23:37] [Server thread/INFO]: Saving chunks for level 'Copy of New World'/Overworld
[18:23:37] [Server thread/INFO]: Saving chunks for level 'Copy of New World'/Nether
[18:23:37] [Server thread/INFO]: Saving chunks for level 'Copy of New World'/The End
[18:23:37] [Server thread/WARN]: Can't keep up! Did the system time change, or is the server overloaded? Running 2094ms behind, skipping 41 tick(s)
[18:24:14] [Client thread/INFO]: [CHAT] Unknown command. Try /help for a list of commands
[18:24:16] [Server thread/INFO]: [juanwan11: Set own game mode to Creative Mode]
[18:24:16] [Client thread/INFO]: [CHAT] Your game mode has been updated
[18:25:00] [Server thread/INFO]: [juanwan11: Teleported juanwan11 to 0.5,100.5,0.5]
[18:25:00] [Client thread/INFO]: [CHAT] Teleported juanwan11 to 0.5,100.5,0.5
[18:28:08] [Server thread/INFO]: Saving and pausing game...
[18:28:08] [Server thread/INFO]: Saving chunks for level 'Copy of New World'/Overworld
[18:28:08] [Server thread/INFO]: Saving chunks for level 'Copy of New World'/Nether
[18:28:08] [Server thread/INFO]: Saving chunks for level 'Copy of New World'/The End
[18:28:31] [Server thread/INFO]: Saving and pausing game...
[18:28:31] [Server thread/INFO]: Saving chunks for level 'Copy of New World'/Overworld
[18:28:31] [Server thread/INFO]: Saving chunks for level 'Copy of New World'/Nether
[18:28:31] [Server thread/INFO]: Saving chunks for level 'Copy of New World'/The End
[18:28:50] [Client thread/INFO]: Warning: Clientside chunk ticking took 118 ms
[18:28:51] [Client thread/INFO]: Warning: Clientside chunk ticking took 150 ms
[18:28:51] [Client thread/INFO]: Warning: Clientside chunk ticking took 109 ms
[18:29:10] [Server thread/INFO]: [juanwan11: Teleported juanwan11 to 0.5,100.5,0.5]
[18:29:10] [Client thread/INFO]: [CHAT] Teleported juanwan11 to 0.5,100.5,0.5
[18:29:11] [Server thread/WARN]: Can't keep up! Did the system time change, or is the server overloaded? Running 20857ms behind, skipping 417 tick(s)
[18:29:34] [Server thread/INFO]: juanwan11 fell out of the world
[18:29:34] [Client thread/INFO]: [CHAT] juanwan11 fell out of the world
[18:29:34] [Client thread/INFO]: [CHAT] Ouch! That looked like it hurt
[18:29:48] [Server thread/WARN]: Can't keep up! Did the system time change, or is the server overloaded? Running 37399ms behind, skipping 747 tick(s)
[18:30:02] [Server thread/INFO]: Saving and pausing game...
[18:30:02] [Server thread/INFO]: Saving chunks for level 'Copy of New World'/Overworld
[18:30:02] [Server thread/INFO]: Saving chunks for level 'Copy of New World'/Nether
[18:30:02] [Server thread/INFO]: Saving chunks for level 'Copy of New World'/The End
[18:30:28] [Server thread/INFO]: Saving and pausing game...
[18:30:28] [Server thread/INFO]: Saving chunks for level 'Copy of New World'/Overworld
[18:30:28] [Server thread/INFO]: Saving chunks for level 'Copy of New World'/Nether
[18:30:28] [Server thread/INFO]: Saving chunks for level 'Copy of New World'/The End
[18:30:34] [Server thread/INFO]: Saving and pausing game...
[18:30:34] [Server thread/INFO]: Saving chunks for level 'Copy of New World'/Overworld
[18:30:34] [Server thread/INFO]: Saving chunks for level 'Copy of New World'/Nether
[18:30:34] [Server thread/INFO]: Saving chunks for level 'Copy of New World'/The End
[18:30:34] [Server thread/INFO]: Stopping server
[18:30:34] [Server thread/INFO]: Saving players
[18:30:34] [Server thread/INFO]: Saving worlds
[18:30:34] [Server thread/INFO]: Saving chunks for level 'Copy of New World'/Overworld
[18:30:34] [Server thread/INFO]: Saving chunks for level 'Copy of New World'/Nether
[18:30:34] [Server thread/INFO]: Saving chunks for level 'Copy of New World'/The End
[18:30:36] [Client thread/INFO]: Stopping!
